[2019-11-24T11:39:16.344] [ERROR] cheese - { request:
   { method: 'GET',
     url: '/',
     header:
      { host: 'localhost:8081',
        connection: 'keep-alive',
        'cache-control': 'max-age=0',
        'upgrade-insecure-requests': '1',
        'user-agent':
         'Mozilla/5.0 (Windows NT 10.0; Win64; x64) AppleWebKit/537.36 (KHTML, like Gecko) Chrome/78.0.3904.108 Safari/537.36',
        'sec-fetch-user': '?1',
        accept:
         'text/html,application/xhtml+xml,application/xml;q=0.9,image/webp,image/apng,*/*;q=0.8,application/signed-exchange;v=b3',
        'sec-fetch-site': 'none',
        'sec-fetch-mode': 'navigate',
        'accept-encoding': 'gzip, deflate, br',
        'accept-language': 'zh-CN,zh;q=0.9',
        cookie: 'remember=false' } },
  response:
   { status: 404,
     message: 'Not Found',
     header: [Object: null prototype] {} },
  app: { subdomainOffset: 2, proxy: false, env: 'development' },
  originalUrl: '/',
  req: '<original node req>',
  res: '<original node res>',
  socket: '<original node socket>' }
[2019-11-24T11:39:33.882] [ERROR] cheese - { request:
   { method: 'GET',
     url: '/',
     header:
      { host: 'localhost:8081',
        connection: 'keep-alive',
        'cache-control': 'max-age=0',
        'upgrade-insecure-requests': '1',
        'user-agent':
         'Mozilla/5.0 (Windows NT 10.0; Win64; x64) AppleWebKit/537.36 (KHTML, like Gecko) Chrome/78.0.3904.108 Safari/537.36',
        'sec-fetch-user': '?1',
        accept:
         'text/html,application/xhtml+xml,application/xml;q=0.9,image/webp,image/apng,*/*;q=0.8,application/signed-exchange;v=b3',
        'sec-fetch-site': 'none',
        'sec-fetch-mode': 'navigate',
        'accept-encoding': 'gzip, deflate, br',
        'accept-language': 'zh-CN,zh;q=0.9',
        cookie: 'remember=false' } },
  response:
   { status: 404,
     message: 'Not Found',
     header: [Object: null prototype] {} },
  app: { subdomainOffset: 2, proxy: false, env: 'development' },
  originalUrl: '/',
  req: '<original node req>',
  res: '<original node res>',
  socket: '<original node socket>' }
[2019-11-24T11:39:34.541] [ERROR] cheese - { request:
   { method: 'GET',
     url: '/',
     header:
      { host: 'localhost:8081',
        connection: 'keep-alive',
        'cache-control': 'max-age=0',
        'upgrade-insecure-requests': '1',
        'user-agent':
         'Mozilla/5.0 (Windows NT 10.0; Win64; x64) AppleWebKit/537.36 (KHTML, like Gecko) Chrome/78.0.3904.108 Safari/537.36',
        'sec-fetch-user': '?1',
        accept:
         'text/html,application/xhtml+xml,application/xml;q=0.9,image/webp,image/apng,*/*;q=0.8,application/signed-exchange;v=b3',
        'sec-fetch-site': 'none',
        'sec-fetch-mode': 'navigate',
        'accept-encoding': 'gzip, deflate, br',
        'accept-language': 'zh-CN,zh;q=0.9',
        cookie: 'remember=false' } },
  response:
   { status: 404,
     message: 'Not Found',
     header: [Object: null prototype] {} },
  app: { subdomainOffset: 2, proxy: false, env: 'development' },
  originalUrl: '/',
  req: '<original node req>',
  res: '<original node res>',
  socket: '<original node socket>' }
[2019-11-24T11:39:35.049] [ERROR] cheese - { request:
   { method: 'GET',
     url: '/',
     header:
      { host: 'localhost:8081',
        connection: 'keep-alive',
        'cache-control': 'max-age=0',
        'upgrade-insecure-requests': '1',
        'user-agent':
         'Mozilla/5.0 (Windows NT 10.0; Win64; x64) AppleWebKit/537.36 (KHTML, like Gecko) Chrome/78.0.3904.108 Safari/537.36',
        'sec-fetch-user': '?1',
        accept:
         'text/html,application/xhtml+xml,application/xml;q=0.9,image/webp,image/apng,*/*;q=0.8,application/signed-exchange;v=b3',
        'sec-fetch-site': 'none',
        'sec-fetch-mode': 'navigate',
        'accept-encoding': 'gzip, deflate, br',
        'accept-language': 'zh-CN,zh;q=0.9',
        cookie: 'remember=false' } },
  response:
   { status: 404,
     message: 'Not Found',
     header: [Object: null prototype] {} },
  app: { subdomainOffset: 2, proxy: false, env: 'development' },
  originalUrl: '/',
  req: '<original node req>',
  res: '<original node res>',
  socket: '<original node socket>' }
[2019-11-24T11:40:38.347] [ERROR] cheese - { request:
   { method: 'GET',
     url: '/',
     header:
      { host: 'localhost:8081',
        connection: 'keep-alive',
        'upgrade-insecure-requests': '1',
        'user-agent':
         'Mozilla/5.0 (Windows NT 10.0; Win64; x64) AppleWebKit/537.36 (KHTML, like Gecko) Chrome/78.0.3904.108 Safari/537.36',
        'sec-fetch-user': '?1',
        accept:
         'text/html,application/xhtml+xml,application/xml;q=0.9,image/webp,image/apng,*/*;q=0.8,application/signed-exchange;v=b3',
        'sec-fetch-site': 'none',
        'sec-fetch-mode': 'navigate',
        'accept-encoding': 'gzip, deflate, br',
        'accept-language': 'zh-CN,zh;q=0.9',
        cookie: 'remember=false' } },
  response:
   { status: 404,
     message: 'Not Found',
     header: [Object: null prototype] {} },
  app: { subdomainOffset: 2, proxy: false, env: 'development' },
  originalUrl: '/ls',
  req: '<original node req>',
  res: '<original node res>',
  socket: '<original node socket>' }
[2019-11-24T11:40:41.636] [ERROR] cheese - { request:
   { method: 'GET',
     url: '/',
     header:
      { host: 'localhost:8081',
        connection: 'keep-alive',
        'upgrade-insecure-requests': '1',
        'user-agent':
         'Mozilla/5.0 (Windows NT 10.0; Win64; x64) AppleWebKit/537.36 (KHTML, like Gecko) Chrome/78.0.3904.108 Safari/537.36',
        'sec-fetch-user': '?1',
        accept:
         'text/html,application/xhtml+xml,application/xml;q=0.9,image/webp,image/apng,*/*;q=0.8,application/signed-exchange;v=b3',
        purpose: 'prefetch',
        'sec-fetch-site': 'none',
        'sec-fetch-mode': 'navigate',
        'accept-encoding': 'gzip, deflate, br',
        'accept-language': 'zh-CN,zh;q=0.9',
        cookie: 'remember=false' } },
  response:
   { status: 404,
     message: 'Not Found',
     header: [Object: null prototype] {} },
  app: { subdomainOffset: 2, proxy: false, env: 'development' },
  originalUrl: '/login',
  req: '<original node req>',
  res: '<original node res>',
  socket: '<original node socket>' }
